Using pre-set license

 COMMAND LINE ARGUMENTS:
/Applications/Unity/Hub/Editor/2020.3.7f1/Unity.app/Contents/MacOS/Unity
-adb2
-batchMode
-noUpm
-name
AssetImportWorker0
-projectPath
/Users/anandpatil/Downloads/UnityProjects/FruitBreaker
-logFile
Logs/AssetImportWorker0.log
-srvPort
57326
Successfully changed project path to: /Users/anandpatil/Downloads/UnityProjects/FruitBreaker
/Users/anandpatil/Downloads/UnityProjects/FruitBreaker
Using Asset Import Pipeline V2.
Refreshing native plugins compatible for Editor in 26.46 ms, found 3 plugins.
Preloading 0 native plugins for Editor in 0.00 ms.
Initialize engine version: 2020.3.7f1 (dd97f2c94397)
[Subsystems] Discovering subsystems at path /Applications/Unity/Hub/Editor/2020.3.7f1/Unity.app/Contents/Resources/UnitySubsystems
[Subsystems] Discovering subsystems at path /Users/anandpatil/Downloads/UnityProjects/FruitBreaker/Assets
GfxDevice: creating device client; threaded=0
2025-05-12 16:35:47.514 Unity[9965:954632] (null) preferred device: Apple M3 Pro (high power)
2025-05-12 16:35:47.514 Unity[9965:954632] Metal devices available: 1
2025-05-12 16:35:47.514 Unity[9965:954632] 0: Apple M3 Pro (high power)
2025-05-12 16:35:47.515 Unity[9965:954632] Using device Apple M3 Pro (high power)
Initializing Metal device caps: Apple M3 Pro
Initialize mono
Mono path[0] = '/Applications/Unity/Hub/Editor/2020.3.7f1/Unity.app/Contents/Managed'
Mono path[1] = '/Applications/Unity/Hub/Editor/2020.3.7f1/Unity.app/Contents/MonoBleedingEdge/lib/mono/unityjit'
Mono config path = '/Applications/Unity/Hub/Editor/2020.3.7f1/Unity.app/Contents/MonoBleedingEdge/etc'
Using monoOptions --debugger-agent=transport=dt_socket,embedding=1,server=y,suspend=n,address=127.0.0.1:56965
Begin MonoManager ReloadAssembly
Registering precompiled unity dll's ...
Register platform support module: /Applications/Unity/Hub/Editor/2020.3.7f1/Unity.app/Contents/PlaybackEngines/MacStandaloneSupport/UnityEditor.OSXStandalone.Extensions.dll
Registered in 0.001809 seconds.
Native extension for OSXStandalone target not found
Refreshing native plugins compatible for Editor in 23.38 ms, found 3 plugins.
Preloading 0 native plugins for Editor in 0.00 ms.
Mono: successfully reloaded assembly
- Completed reload, in  1.930 seconds
Platform modules already initialized, skipping
Registering precompiled user dll's ...
Registered in 0.002945 seconds.
Begin MonoManager ReloadAssembly
OnLevelWasLoaded was found on TimeCheatingDetector
This message has been deprecated and will be removed in a later version of Unity.
Add a delegate to SceneManager.sceneLoaded instead to get notifications after scene loading has completed

OnLevelWasLoaded was found on LeanTween
This message has been deprecated and will be removed in a later version of Unity.
Add a delegate to SceneManager.sceneLoaded instead to get notifications after scene loading has completed

OnLevelWasLoaded was found on ObscuredCheatingDetector
This message has been deprecated and will be removed in a later version of Unity.
Add a delegate to SceneManager.sceneLoaded instead to get notifications after scene loading has completed

OnLevelWasLoaded was found on SpeedHackDetector
This message has been deprecated and will be removed in a later version of Unity.
Add a delegate to SceneManager.sceneLoaded instead to get notifications after scene loading has completed

OnLevelWasLoaded was found on WallHackDetector
This message has been deprecated and will be removed in a later version of Unity.
Add a delegate to SceneManager.sceneLoaded instead to get notifications after scene loading has completed

Native extension for OSXStandalone target not found
Refreshing native plugins compatible for Editor in 0.26 ms, found 3 plugins.
Preloading 0 native plugins for Editor in 0.00 ms.
[Fabric] Couldn't load dependency graph (/Users/anandpatil/Downloads/UnityProjects/FruitBreaker/Assets/Fabric/DependencyGraph.json)
UnityEngine.StackTraceUtility:ExtractStackTrace () (at /Users/bokken/buildslave/unity/build/Runtime/Export/Scripting/StackTrace.cs:37)
UnityEngine.DebugLogHandler:LogFormat (UnityEngine.LogType,UnityEngine.Object,string,object[])
UnityEngine.Logger:Log (UnityEngine.LogType,object)
UnityEngine.Debug:LogWarning (object)
Fabric.Internal.Editor.Utils:Warn (string,object[]) (at Assets/MPLSDKFiles/Fabric/Editor/FabricUtils.cs:18)
Fabric.Internal.Editor.Update.Dependency.DependencyGraphManager:.ctor () (at Assets/MPLSDKFiles/Fabric/Editor/Update/Dependency/DependencyGraphManager.cs:30)
Fabric.Internal.Editor.Update.PeriodicUpdateChecker:.ctor (long,long) (at Assets/MPLSDKFiles/Fabric/Editor/Update/PeriodicUpdateChecker.cs:23)
Fabric.Internal.Editor.Update.PeriodicUpdateManager:.cctor () (at Assets/MPLSDKFiles/Fabric/Editor/Update/PeriodicUpdateManager.cs:64)
System.Runtime.CompilerServices.RuntimeHelpers:RunClassConstructor (System.RuntimeTypeHandle)
UnityEditor.EditorAssemblies:ProcessInitializeOnLoadAttributes (System.Type[]) (at /Users/bokken/buildslave/unity/build/Editor/Mono/EditorAssemblies.cs:114)

(Filename: Assets/MPLSDKFiles/Fabric/Editor/FabricUtils.cs Line: 18)

Mono: successfully reloaded assembly
- Completed reload, in  1.096 seconds
Platform modules already initialized, skipping
========================================================================
Worker process is ready to serve import requests
Launching external process: /Applications/Unity/Hub/Editor/2020.3.7f1/Unity.app/Contents/Tools/UnityShaderCompiler
Launched and connected shader compiler UnityShaderCompiler after 0.02 seconds
Refreshing native plugins compatible for Editor in 0.27 ms, found 3 plugins.
Preloading 0 native plugins for Editor in 0.00 ms.
Unloading 1425 Unused Serialized files (Serialized files now loaded: 0)
System memory in use before: 88.4 MB.
System memory in use after: 88.5 MB.

Unloading 24 unused Assets to reduce memory usage. Loaded Objects now: 1901.
Total: 0.980834 ms (FindLiveObjects: 0.084667 ms CreateObjectMapping: 0.023792 ms MarkObjects: 0.813750 ms  DeleteObjects: 0.058000 ms)

========================================================================
Received Import Request.
  path: Packages/com.unity.2d.sprite
  artifactKey: Guid(0901a6b758d060e9422c4f8d588d5895) Importer(815301076,1909f56bfc062723c751e8b465ee728b)
Start importing Packages/com.unity.2d.sprite using Guid(0901a6b758d060e9422c4f8d588d5895) Importer(815301076,1909f56bfc062723c751e8b465ee728b)  -> (artifact id: 'e5de3127630cde1bd6d7257110f4a82d') in 0.006146 seconds
  Import took 0.009072 seconds .

